Import-Pfad-Aktualisierungen (Fri Mar  7 20:23:50 CET 2025)
=========================================
----------------------------------------
Import-Pfad-Aktualisierungen:
----------------------------------------
Prüfe Datei: /Users/saschakohler/Documents/01_Development/Active_Projects/sascha-kohler-website/src/contexts/ColorSchemeContext.tsx
Prüfe Datei: /Users/saschakohler/Documents/01_Development/Active_Projects/sascha-kohler-website/src/app/klare-selbstcheck/page.tsx
Prüfe Datei: /Users/saschakohler/Documents/01_Development/Active_Projects/sascha-kohler-website/src/app/layout.tsx
Prüfe Datei: /Users/saschakohler/Documents/01_Development/Active_Projects/sascha-kohler-website/src/app/api/newsletter-signup/route.ts
Prüfe Datei: /Users/saschakohler/Documents/01_Development/Active_Projects/sascha-kohler-website/src/app/kongruenz-methode/layout.tsx
Prüfe Datei: /Users/saschakohler/Documents/01_Development/Active_Projects/sascha-kohler-website/src/app/kongruenz-methode/page.tsx
Prüfe Datei: /Users/saschakohler/Documents/01_Development/Active_Projects/sascha-kohler-website/src/app/page.tsx
Prüfe Datei: /Users/saschakohler/Documents/01_Development/Active_Projects/sascha-kohler-website/src/app/not-found.tsx
Prüfe Datei: /Users/saschakohler/Documents/01_Development/Active_Projects/sascha-kohler-website/src/utils/colorSchemes.ts
Prüfe Datei: /Users/saschakohler/Documents/01_Development/Active_Projects/sascha-kohler-website/src/utils/ColorUtils.tsx
Prüfe Datei: /Users/saschakohler/Documents/01_Development/Active_Projects/sascha-kohler-website/src/components/ValueCards.tsx
Prüfe Datei: /Users/saschakohler/Documents/01_Development/Active_Projects/sascha-kohler-website/src/components/ui/tabs.tsx
Prüfe Datei: /Users/saschakohler/Documents/01_Development/Active_Projects/sascha-kohler-website/src/components/ui/card.tsx
Prüfe Datei: /Users/saschakohler/Documents/01_Development/Active_Projects/sascha-kohler-website/src/components/ui/popover.tsx
Prüfe Datei: /Users/saschakohler/Documents/01_Development/Active_Projects/sascha-kohler-website/src/components/ui/progress.tsx
Prüfe Datei: /Users/saschakohler/Documents/01_Development/Active_Projects/sascha-kohler-website/src/components/ui/toaster.tsx
Prüfe Datei: /Users/saschakohler/Documents/01_Development/Active_Projects/sascha-kohler-website/src/components/ui/label.tsx
Prüfe Datei: /Users/saschakohler/Documents/01_Development/Active_Projects/sascha-kohler-website/src/components/ui/accordion.tsx
Prüfe Datei: /Users/saschakohler/Documents/01_Development/Active_Projects/sascha-kohler-website/src/components/ui/alert.tsx
Prüfe Datei: /Users/saschakohler/Documents/01_Development/Active_Projects/sascha-kohler-website/src/components/ui/use-toast.ts
Prüfe Datei: /Users/saschakohler/Documents/01_Development/Active_Projects/sascha-kohler-website/src/components/ui/radio-group.tsx
Prüfe Datei: /Users/saschakohler/Documents/01_Development/Active_Projects/sascha-kohler-website/src/components/ui/avatar.tsx
Prüfe Datei: /Users/saschakohler/Documents/01_Development/Active_Projects/sascha-kohler-website/src/components/ui/button.tsx
Prüfe Datei: /Users/saschakohler/Documents/01_Development/Active_Projects/sascha-kohler-website/src/components/ui/toast.tsx
Prüfe Datei: /Users/saschakohler/Documents/01_Development/Active_Projects/sascha-kohler-website/src/components/ui/input.tsx
Prüfe Datei: /Users/saschakohler/Documents/01_Development/Active_Projects/sascha-kohler-website/src/components/home/sections/WhyKongruenzSection.tsx
Prüfe Datei: /Users/saschakohler/Documents/01_Development/Active_Projects/sascha-kohler-website/src/components/home/sections/TeaserSection.tsx
Prüfe Datei: /Users/saschakohler/Documents/01_Development/Active_Projects/sascha-kohler-website/src/components/home/sections/InkongruenzTypenSection.tsx
Prüfe Datei: /Users/saschakohler/Documents/01_Development/Active_Projects/sascha-kohler-website/src/components/home/sections/FeatureTeaserSection.tsx
Prüfe Datei: /Users/saschakohler/Documents/01_Development/Active_Projects/sascha-kohler-website/src/components/home/sections/ZielgruppeSection.tsx
Prüfe Datei: /Users/saschakohler/Documents/01_Development/Active_Projects/sascha-kohler-website/src/components/home/sections/index.ts
Prüfe Datei: /Users/saschakohler/Documents/01_Development/Active_Projects/sascha-kohler-website/src/components/home/maintenance/KlareMaintenanceMode.tsx
Prüfe Datei: /Users/saschakohler/Documents/01_Development/Active_Projects/sascha-kohler-website/src/components/home/maintenance/KlareMaintenanceContent.tsx
Prüfe Datei: /Users/saschakohler/Documents/01_Development/Active_Projects/sascha-kohler-website/src/components/home/maintenance/index.ts
Prüfe Datei: /Users/saschakohler/Documents/01_Development/Active_Projects/sascha-kohler-website/src/components/SaschaKohlerWebsite.tsx
Prüfe Datei: /Users/saschakohler/Documents/01_Development/Active_Projects/sascha-kohler-website/src/components/sections/ColorThemePoll.tsx
Prüfe Datei: /Users/saschakohler/Documents/01_Development/Active_Projects/sascha-kohler-website/src/components/klare-method/NewsletterSignup.tsx
Prüfe Datei: /Users/saschakohler/Documents/01_Development/Active_Projects/sascha-kohler-website/src/components/klare-method/TargetPersonaIndicator.tsx
Prüfe Datei: /Users/saschakohler/Documents/01_Development/Active_Projects/sascha-kohler-website/src/components/klare-method/KongruenzExplanation.tsx
Prüfe Datei: /Users/saschakohler/Documents/01_Development/Active_Projects/sascha-kohler-website/src/components/klare-method/KongruenzPopup.tsx
Prüfe Datei: /Users/saschakohler/Documents/01_Development/Active_Projects/sascha-kohler-website/src/components/klare-method/KongruenzAccordion.tsx
Prüfe Datei: /Users/saschakohler/Documents/01_Development/Active_Projects/sascha-kohler-website/src/components/klare-method/MethodSteps.tsx
Prüfe Datei: /Users/saschakohler/Documents/01_Development/Active_Projects/sascha-kohler-website/src/components/klare-method/KlareMethodSteps.tsx
Prüfe Datei: /Users/saschakohler/Documents/01_Development/Active_Projects/sascha-kohler-website/src/components/klare-method/KongruenzIconLists.tsx
Prüfe Datei: /Users/saschakohler/Documents/01_Development/Active_Projects/sascha-kohler-website/src/components/klare-method/HeroSection.tsx
Prüfe Datei: /Users/saschakohler/Documents/01_Development/Active_Projects/sascha-kohler-website/src/components/klare-method/dailyPrinciple.tsx
Prüfe Datei: /Users/saschakohler/Documents/01_Development/Active_Projects/sascha-kohler-website/src/components/klare-method/MethodStepsShadecn.tsx
Prüfe Datei: /Users/saschakohler/Documents/01_Development/Active_Projects/sascha-kohler-website/src/components/ThanksSectionFamily.tsx
Prüfe Datei: /Users/saschakohler/Documents/01_Development/Active_Projects/sascha-kohler-website/src/components/layout/ScrollToTop.tsx
Prüfe Datei: /Users/saschakohler/Documents/01_Development/Active_Projects/sascha-kohler-website/src/components/layout/footer/Footer.tsx
Prüfe Datei: /Users/saschakohler/Documents/01_Development/Active_Projects/sascha-kohler-website/src/components/layout/footer/index.ts
Prüfe Datei: /Users/saschakohler/Documents/01_Development/Active_Projects/sascha-kohler-website/src/components/layout/navigation/index.ts
Prüfe Datei: /Users/saschakohler/Documents/01_Development/Active_Projects/sascha-kohler-website/src/components/layout/navigation/Navigation.tsx
Prüfe Datei: /Users/saschakohler/Documents/01_Development/Active_Projects/sascha-kohler-website/src/components/main-site/ThanksSection.tsx
Prüfe Datei: /Users/saschakohler/Documents/01_Development/Active_Projects/sascha-kohler-website/src/components/common/theme/ContextAwareColorSchemeSelector.tsx
Prüfe Datei: /Users/saschakohler/Documents/01_Development/Active_Projects/sascha-kohler-website/src/components/common/theme/ThemeLoader.tsx
Prüfe Datei: /Users/saschakohler/Documents/01_Development/Active_Projects/sascha-kohler-website/src/components/common/theme/index.ts
Prüfe Datei: /Users/saschakohler/Documents/01_Development/Active_Projects/sascha-kohler-website/src/components/common/theme/ColorSchemeSelector.tsx
Prüfe Datei: /Users/saschakohler/Documents/01_Development/Active_Projects/sascha-kohler-website/src/components/selbstcheck/ResultsDisplay.tsx
Prüfe Datei: /Users/saschakohler/Documents/01_Development/Active_Projects/sascha-kohler-website/src/components/selbstcheck/KlareSection.tsx
Prüfe Datei: /Users/saschakohler/Documents/01_Development/Active_Projects/sascha-kohler-website/src/components/selbstcheck/InstructionsCard.tsx
Prüfe Datei: /Users/saschakohler/Documents/01_Development/Active_Projects/sascha-kohler-website/src/components/selbstcheck/KlareSelbstCheck.tsx
Prüfe Datei: /Users/saschakohler/Documents/01_Development/Active_Projects/sascha-kohler-website/src/components/selbstcheck/index.ts
Prüfe Datei: /Users/saschakohler/Documents/01_Development/Active_Projects/sascha-kohler-website/src/components/selbstcheck/AddressSelection.tsx
Prüfe Datei: /Users/saschakohler/Documents/01_Development/Active_Projects/sascha-kohler-website/src/components/kongruenz-methode/TransformationPathway.tsx
Prüfe Datei: /Users/saschakohler/Documents/01_Development/Active_Projects/sascha-kohler-website/src/components/kongruenz-methode/KongruenzIntegration.tsx
Prüfe Datei: /Users/saschakohler/Documents/01_Development/Active_Projects/sascha-kohler-website/src/components/kongruenz-methode/KongruenzDifferenzierung.tsx
Prüfe Datei: /Users/saschakohler/Documents/01_Development/Active_Projects/sascha-kohler-website/src/components/kongruenz-methode/index.ts
Prüfe Datei: /Users/saschakohler/Documents/01_Development/Active_Projects/sascha-kohler-website/src/components/kongruenz-methode/KongruenzMethode.tsx
Prüfe Datei: /Users/saschakohler/Documents/01_Development/Active_Projects/sascha-kohler-website/src/components/GrowthJourneySection.tsx
Prüfe Datei: /Users/saschakohler/Documents/01_Development/Active_Projects/sascha-kohler-website/src/components/result-section.tsx
Prüfe Datei: /Users/saschakohler/Documents/01_Development/Active_Projects/sascha-kohler-website/src/components/KongruenzCredo.tsx
Prüfe Datei: /Users/saschakohler/Documents/01_Development/Active_Projects/sascha-kohler-website/src/components/InteractiveGrowthQuote.tsx
Prüfe Datei: /Users/saschakohler/Documents/01_Development/Active_Projects/sascha-kohler-website/src/components/BackgroundAudio.tsx
Prüfe Datei: /Users/saschakohler/Documents/01_Development/Active_Projects/sascha-kohler-website/src/hooks/useScrollProgress.tsx
Prüfe Datei: /Users/saschakohler/Documents/01_Development/Active_Projects/sascha-kohler-website/src/hooks/useScrollToSection.tsx
Prüfe Datei: /Users/saschakohler/Documents/01_Development/Active_Projects/sascha-kohler-website/src/hooks/useActiveSection.tsx
Prüfe Datei: /Users/saschakohler/Documents/01_Development/Active_Projects/sascha-kohler-website/src/hooks/useElementVisibility.tsx
Prüfe Datei: /Users/saschakohler/Documents/01_Development/Active_Projects/sascha-kohler-website/src/lib/utils.ts
Prüfe Datei: /Users/saschakohler/Documents/01_Development/Active_Projects/sascha-kohler-website/src/data/klare-methode/transformationPathway.ts
Prüfe Datei: /Users/saschakohler/Documents/01_Development/Active_Projects/sascha-kohler-website/src/data/klare-methode/kongruenzSteps.ts
Prüfe Datei: /Users/saschakohler/Documents/01_Development/Active_Projects/sascha-kohler-website/src/data/transformationPrinciples.ts
Prüfe Datei: /Users/saschakohler/Documents/01_Development/Active_Projects/sascha-kohler-website/src/data/comingSoonFeatures.ts
Prüfe Datei: /Users/saschakohler/Documents/01_Development/Active_Projects/sascha-kohler-website/src/data/klareData.ts
Prüfe Datei: /Users/saschakohler/Documents/01_Development/Active_Projects/sascha-kohler-website/src/data/inkongruenzTypen.ts
WARNING: Leerer Ordner entfernt: /Users/saschakohler/Documents/01_Development/Active_Projects/sascha-kohler-website/src/types
SUCCESS: Import-Pfade aktualisiert!
